2020-04-24T15:19:11+00:00 CRITICAL Uncaught Error: Call to a member function get_cart_url() on null in D:\php\OSPanel\domains\shopfiluk\wp-content\themes\shopfiluk\template-parts\home-screen\navigation.php:48
Stack trace:
#0 D:\php\OSPanel\domains\shopfiluk\wp-includes\template.php(725): require()
#1 D:\php\OSPanel\domains\shopfiluk\wp-includes\template.php(672): load_template('D:\\php\\OSPanel\\...', false)
#2 D:\php\OSPanel\domains\shopfiluk\wp-includes\general-template.php(168): locate_template(Array, true, false)
#3 D:\php\OSPanel\domains\shopfiluk\wp-content\themes\shopfiluk\header.php(24): get_template_part('template-parts/...')
#4 D:\php\OSPanel\domains\shopfiluk\wp-includes\template.php(723): require_once('D:\\php\\OSPanel\\...')
#5 D:\php\OSPanel\domains\shopfiluk\wp-includes\template.php(672): load_template('D:\\php\\OSPanel\\...', true)
#6 D:\php\OSPanel\domains\shopfiluk\wp-includes\general-template.php(41): locate_template(Array, true)
#7 D:\php\OSPanel\domains\shopfiluk\wp-content\themes\shopfiluk\woocommerce\archive-product.php( in D:\php\OSPanel\domains\shopfiluk\wp-content\themes\shopfiluk\template-parts\home-screen\navigation.php on line 48

2020-04-24T15:19:42+00:00 CRITICAL Uncaught Error: Call to a member function get_cart_url() on null in D:\php\OSPanel\domains\shopfiluk\wp-content\themes\shopfiluk\template-parts\home-screen\navigation.php:48
Stack trace:
#0 D:\php\OSPanel\domains\shopfiluk\wp-includes\template.php(725): require()
#1 D:\php\OSPanel\domains\shopfiluk\wp-includes\template.php(672): load_template('D:\\php\\OSPanel\\...', false)
#2 D:\php\OSPanel\domains\shopfiluk\wp-includes\general-template.php(168): locate_template(Array, true, false)
#3 D:\php\OSPanel\domains\shopfiluk\wp-content\themes\shopfiluk\header.php(24): get_template_part('template-parts/...')
#4 D:\php\OSPanel\domains\shopfiluk\wp-includes\template.php(723): require_once('D:\\php\\OSPanel\\...')
#5 D:\php\OSPanel\domains\shopfiluk\wp-includes\template.php(672): load_template('D:\\php\\OSPanel\\...', true)
#6 D:\php\OSPanel\domains\shopfiluk\wp-includes\general-template.php(41): locate_template(Array, true)
#7 D:\php\OSPanel\domains\shopfiluk\wp-content\themes\shopfiluk\woocommerce\archive-product.php( in D:\php\OSPanel\domains\shopfiluk\wp-content\themes\shopfiluk\template-parts\home-screen\navigation.php on line 48

2020-04-24T15:20:54+00:00 CRITICAL Uncaught Error: Call to a member function get_cart_url() on null in D:\php\OSPanel\domains\shopfiluk\wp-content\themes\shopfiluk\template-parts\home-screen\navigation.php:48
Stack trace:
#0 D:\php\OSPanel\domains\shopfiluk\wp-includes\template.php(725): require()
#1 D:\php\OSPanel\domains\shopfiluk\wp-includes\template.php(672): load_template('D:\\php\\OSPanel\\...', false)
#2 D:\php\OSPanel\domains\shopfiluk\wp-includes\general-template.php(168): locate_template(Array, true, false)
#3 D:\php\OSPanel\domains\shopfiluk\wp-content\themes\shopfiluk\header.php(24): get_template_part('template-parts/...')
#4 D:\php\OSPanel\domains\shopfiluk\wp-includes\template.php(723): require_once('D:\\php\\OSPanel\\...')
#5 D:\php\OSPanel\domains\shopfiluk\wp-includes\template.php(672): load_template('D:\\php\\OSPanel\\...', true)
#6 D:\php\OSPanel\domains\shopfiluk\wp-includes\general-template.php(41): locate_template(Array, true)
#7 D:\php\OSPanel\domains\shopfiluk\wp-content\themes\shopfiluk\woocommerce\archive-product.php( in D:\php\OSPanel\domains\shopfiluk\wp-content\themes\shopfiluk\template-parts\home-screen\navigation.php on line 48

2020-04-24T15:21:14+00:00 CRITICAL Uncaught Error: Call to a member function get_cart_total() on null in D:\php\OSPanel\domains\shopfiluk\wp-content\themes\shopfiluk\template-parts\home-screen\navigation.php:53
Stack trace:
#0 D:\php\OSPanel\domains\shopfiluk\wp-includes\template.php(725): require()
#1 D:\php\OSPanel\domains\shopfiluk\wp-includes\template.php(672): load_template('D:\\php\\OSPanel\\...', false)
#2 D:\php\OSPanel\domains\shopfiluk\wp-includes\general-template.php(168): locate_template(Array, true, false)
#3 D:\php\OSPanel\domains\shopfiluk\wp-content\themes\shopfiluk\header.php(24): get_template_part('template-parts/...')
#4 D:\php\OSPanel\domains\shopfiluk\wp-includes\template.php(723): require_once('D:\\php\\OSPanel\\...')
#5 D:\php\OSPanel\domains\shopfiluk\wp-includes\template.php(672): load_template('D:\\php\\OSPanel\\...', true)
#6 D:\php\OSPanel\domains\shopfiluk\wp-includes\general-template.php(41): locate_template(Array, true)
#7 D:\php\OSPanel\domains\shopfiluk\wp-content\themes\shopfiluk\woocommerce\archive-product.ph in D:\php\OSPanel\domains\shopfiluk\wp-content\themes\shopfiluk\template-parts\home-screen\navigation.php on line 53

2020-04-24T16:26:42+00:00 CRITICAL syntax error, unexpected '<', expecting end of file in D:\php\OSPanel\domains\shopfiluk\wp-content\themes\shopfiluk\woocommerce\content-single-product.php on line 123

2020-04-24T17:04:51+00:00 CRITICAL Out of memory (allocated 29360128) (tried to allocate 20480 bytes) in D:\php\OSPanel\domains\shopfiluk\wp-includes\plugin.php on line 184

