2020-04-22T10:37:21+00:00 CRITICAL syntax error, unexpected '<', expecting end of file in D:\php\OSPanel\domains\shopfiluk\wp-content\themes\shopfiluk\functions.php on line 278

2020-04-22T11:56:56+00:00 CRITICAL require(): Failed opening required 'inc/storefront-functions.php' (include_path='.') in D:\php\OSPanel\domains\shopfiluk\wp-content\themes\storefront\functions.php on line 31

2020-04-22T11:56:57+00:00 CRITICAL require(): Failed opening required 'inc/storefront-functions.php' (include_path='.') in D:\php\OSPanel\domains\shopfiluk\wp-content\themes\storefront\functions.php on line 31

2020-04-22T12:12:09+00:00 CRITICAL Uncaught Error: Call to undefined function stars_rating() in D:\php\OSPanel\domains\shopfiluk\wp-content\themes\shopfiluk\template-parts\product-item.php:17
Stack trace:
#0 D:\php\OSPanel\domains\shopfiluk\wp-includes\template.php(725): require()
#1 D:\php\OSPanel\domains\shopfiluk\wp-includes\template.php(672): load_template('D:\\php\\OSPanel\\...', false)
#2 D:\php\OSPanel\domains\shopfiluk\wp-includes\general-template.php(168): locate_template(Array, true, false)
#3 D:\php\OSPanel\domains\shopfiluk\wp-content\themes\shopfiluk\woocommerce\single-product\related.php(12): get_template_part('template-parts/...')
#4 D:\php\OSPanel\domains\shopfiluk\wp-content\plugins\woocommerce\includes\wc-core-functions.php(251): include('D:\\php\\OSPanel\\...')
#5 D:\php\OSPanel\domains\shopfiluk\wp-content\plugins\woocommerce\includes\wc-template-functions.php(1930): wc_get_template('single-product/...', Array)
#6 D:\php\OSPanel\domains\shopfiluk\wp-content\themes\shopfiluk\woocommerce\content-single-product.php(341): wooco in D:\php\OSPanel\domains\shopfiluk\wp-content\themes\shopfiluk\template-parts\product-item.php on line 17

2020-04-22T12:12:17+00:00 CRITICAL Uncaught Error: Call to undefined function stars_rating() in D:\php\OSPanel\domains\shopfiluk\wp-content\themes\shopfiluk\template-parts\product-item.php:17
Stack trace:
#0 D:\php\OSPanel\domains\shopfiluk\wp-includes\template.php(725): require()
#1 D:\php\OSPanel\domains\shopfiluk\wp-includes\template.php(672): load_template('D:\\php\\OSPanel\\...', false)
#2 D:\php\OSPanel\domains\shopfiluk\wp-includes\general-template.php(168): locate_template(Array, true, false)
#3 D:\php\OSPanel\domains\shopfiluk\wp-content\themes\shopfiluk\woocommerce\single-product\related.php(12): get_template_part('template-parts/...')
#4 D:\php\OSPanel\domains\shopfiluk\wp-content\plugins\woocommerce\includes\wc-core-functions.php(251): include('D:\\php\\OSPanel\\...')
#5 D:\php\OSPanel\domains\shopfiluk\wp-content\plugins\woocommerce\includes\wc-template-functions.php(1930): wc_get_template('single-product/...', Array)
#6 D:\php\OSPanel\domains\shopfiluk\wp-content\themes\shopfiluk\woocommerce\content-single-product.php(341): wooco in D:\php\OSPanel\domains\shopfiluk\wp-content\themes\shopfiluk\template-parts\product-item.php on line 17

2020-04-22T12:13:18+00:00 CRITICAL Uncaught Error: Call to undefined function stars_rating() in D:\php\OSPanel\domains\shopfiluk\wp-content\themes\shopfiluk\template-parts\product-item.php:17
Stack trace:
#0 D:\php\OSPanel\domains\shopfiluk\wp-includes\template.php(725): require()
#1 D:\php\OSPanel\domains\shopfiluk\wp-includes\template.php(672): load_template('D:\\php\\OSPanel\\...', false)
#2 D:\php\OSPanel\domains\shopfiluk\wp-includes\general-template.php(168): locate_template(Array, true, false)
#3 D:\php\OSPanel\domains\shopfiluk\wp-content\themes\shopfiluk\woocommerce\single-product\related.php(12): get_template_part('template-parts/...')
#4 D:\php\OSPanel\domains\shopfiluk\wp-content\plugins\woocommerce\includes\wc-core-functions.php(251): include('D:\\php\\OSPanel\\...')
#5 D:\php\OSPanel\domains\shopfiluk\wp-content\plugins\woocommerce\includes\wc-template-functions.php(1930): wc_get_template('single-product/...', Array)
#6 D:\php\OSPanel\domains\shopfiluk\wp-content\themes\shopfiluk\woocommerce\content-single-product.php(341): wooco in D:\php\OSPanel\domains\shopfiluk\wp-content\themes\shopfiluk\template-parts\product-item.php on line 17

2020-04-22T12:13:22+00:00 CRITICAL Uncaught Error: Call to undefined function stars_rating() in D:\php\OSPanel\domains\shopfiluk\wp-content\themes\shopfiluk\template-parts\product-item.php:17
Stack trace:
#0 D:\php\OSPanel\domains\shopfiluk\wp-includes\template.php(725): require()
#1 D:\php\OSPanel\domains\shopfiluk\wp-includes\template.php(672): load_template('D:\\php\\OSPanel\\...', false)
#2 D:\php\OSPanel\domains\shopfiluk\wp-includes\general-template.php(168): locate_template(Array, true, false)
#3 D:\php\OSPanel\domains\shopfiluk\wp-content\themes\shopfiluk\woocommerce\single-product\related.php(12): get_template_part('template-parts/...')
#4 D:\php\OSPanel\domains\shopfiluk\wp-content\plugins\woocommerce\includes\wc-core-functions.php(251): include('D:\\php\\OSPanel\\...')
#5 D:\php\OSPanel\domains\shopfiluk\wp-content\plugins\woocommerce\includes\wc-template-functions.php(1930): wc_get_template('single-product/...', Array)
#6 D:\php\OSPanel\domains\shopfiluk\wp-content\themes\shopfiluk\woocommerce\content-single-product.php(341): wooco in D:\php\OSPanel\domains\shopfiluk\wp-content\themes\shopfiluk\template-parts\product-item.php on line 17

2020-04-22T13:20:32+00:00 CRITICAL syntax error, unexpected '<', expecting end of file in D:\php\OSPanel\domains\shopfiluk\wp-content\themes\shopfiluk\woocommerce\archive-product.php on line 34

2020-04-22T17:26:35+00:00 CRITICAL syntax error, unexpected 'else' (T_ELSE), expecting end of file in D:\php\OSPanel\domains\shopfiluk\wp-content\themes\shopfiluk\woocommerce\taxonomy-product_cat.php on line 45

