2020-04-27T06:57:44+00:00 CRITICAL Uncaught ArgumentCountError: Too few arguments to function add_shortcode(), 1 passed in D:\php\OSPanel\domains\shopfiluk\wp-content\themes\shopfiluk\woocommerce\content-product.php on line 22 and exactly 2 expected in D:\php\OSPanel\domains\shopfiluk\wp-includes\shortcodes.php:63
Stack trace:
#0 D:\php\OSPanel\domains\shopfiluk\wp-content\themes\shopfiluk\woocommerce\content-product.php(22): add_shortcode('[yith_wcwl_add_...')
#1 D:\php\OSPanel\domains\shopfiluk\wp-includes\template.php(725): require('D:\\php\\OSPanel\\...')
#2 D:\php\OSPanel\domains\shopfiluk\wp-content\plugins\woocommerce\includes\wc-core-functions.php(197): load_template('D:\\php\\OSPanel\\...', false)
#3 D:\php\OSPanel\domains\shopfiluk\wp-content\themes\shopfiluk\home.php(21): wc_get_template_part('content', 'product')
#4 D:\php\OSPanel\domains\shopfiluk\wp-includes\template-loader.php(106): include('D:\\php\\OSPanel\\...')
#5 D:\php\OSPanel\domains\shopfiluk\wp-blog-header.php(19): require_once('D:\\php\\OSPanel\\...')
#6 D:\php\OSPanel in D:\php\OSPanel\domains\shopfiluk\wp-includes\shortcodes.php on line 63

2020-04-27T07:07:35+00:00 CRITICAL Uncaught ArgumentCountError: Too few arguments to function add_shortcode(), 1 passed in D:\php\OSPanel\domains\shopfiluk\wp-content\themes\shopfiluk\woocommerce\content-single-product.php on line 91 and exactly 2 expected in D:\php\OSPanel\domains\shopfiluk\wp-includes\shortcodes.php:63
Stack trace:
#0 D:\php\OSPanel\domains\shopfiluk\wp-content\themes\shopfiluk\woocommerce\content-single-product.php(91): add_shortcode('[yith_wcwl_wish...')
#1 D:\php\OSPanel\domains\shopfiluk\wp-includes\template.php(725): require('D:\\php\\OSPanel\\...')
#2 D:\php\OSPanel\domains\shopfiluk\wp-content\plugins\woocommerce\includes\wc-core-functions.php(197): load_template('D:\\php\\OSPanel\\...', false)
#3 D:\php\OSPanel\domains\shopfiluk\wp-content\themes\shopfiluk\woocommerce\single-product.php(14): wc_get_template_part('content', 'single-product')
#4 D:\php\OSPanel\domains\shopfiluk\wp-includes\template-loader.php(106): include('D:\\php\\OSPanel\\...')
#5 D:\php\OSPanel\domains\shopfiluk\wp-blog-header.php(19): require_once in D:\php\OSPanel\domains\shopfiluk\wp-includes\shortcodes.php on line 63

2020-04-27T09:20:04+00:00 CRITICAL Uncaught Error: Call to a member function get_price_html() on null in D:\php\OSPanel\domains\shopfiluk\wp-content\themes\shopfiluk\woocommerce\content-product.php:6
Stack trace:
#0 D:\php\OSPanel\domains\shopfiluk\wp-includes\template.php(725): require()
#1 D:\php\OSPanel\domains\shopfiluk\wp-content\plugins\woocommerce\includes\wc-core-functions.php(197): load_template('D:\\php\\OSPanel\\...', false)
#2 D:\php\OSPanel\domains\shopfiluk\wp-content\themes\shopfiluk\template-parts\wish_list.php(18): wc_get_template_part('content', 'product')
#3 D:\php\OSPanel\domains\shopfiluk\wp-includes\template-loader.php(106): include('D:\\php\\OSPanel\\...')
#4 D:\php\OSPanel\domains\shopfiluk\wp-blog-header.php(19): require_once('D:\\php\\OSPanel\\...')
#5 D:\php\OSPanel\domains\shopfiluk\index.php(17): require('D:\\php\\OSPanel\\...')
#6 {main}
  thrown in D:\php\OSPanel\domains\shopfiluk\wp-content\themes\shopfiluk\woocommerce\content-product.php on line 6

2020-04-27T16:27:46+00:00 CRITICAL Uncaught Error: Call to a member function get_price_html() on null in D:\php\OSPanel\domains\shopfiluk\wp-content\themes\shopfiluk\template-parts\modal_product.php:46
Stack trace:
#0 D:\php\OSPanel\domains\shopfiluk\wp-includes\template.php(725): require()
#1 D:\php\OSPanel\domains\shopfiluk\wp-includes\template.php(672): load_template('D:\\php\\OSPanel\\...', false)
#2 D:\php\OSPanel\domains\shopfiluk\wp-includes\general-template.php(168): locate_template(Array, true, false)
#3 D:\php\OSPanel\domains\shopfiluk\wp-content\themes\shopfiluk\footer.php(149): get_template_part('template-parts/...')
#4 D:\php\OSPanel\domains\shopfiluk\wp-includes\template.php(723): require_once('D:\\php\\OSPanel\\...')
#5 D:\php\OSPanel\domains\shopfiluk\wp-includes\template.php(672): load_template('D:\\php\\OSPanel\\...', true)
#6 D:\php\OSPanel\domains\shopfiluk\wp-includes\general-template.php(76): locate_template(Array, true)
#7 D:\php\OSPanel\domains\shopfiluk\wp-content\themes\shopfiluk\woocommerce\archive-product.php(30): g in D:\php\OSPanel\domains\shopfiluk\wp-content\themes\shopfiluk\template-parts\modal_product.php on line 46

2020-04-27T16:27:47+00:00 CRITICAL Uncaught Error: Call to a member function get_price_html() on null in D:\php\OSPanel\domains\shopfiluk\wp-content\themes\shopfiluk\template-parts\modal_product.php:46
Stack trace:
#0 D:\php\OSPanel\domains\shopfiluk\wp-includes\template.php(725): require()
#1 D:\php\OSPanel\domains\shopfiluk\wp-includes\template.php(672): load_template('D:\\php\\OSPanel\\...', false)
#2 D:\php\OSPanel\domains\shopfiluk\wp-includes\general-template.php(168): locate_template(Array, true, false)
#3 D:\php\OSPanel\domains\shopfiluk\wp-content\themes\shopfiluk\footer.php(149): get_template_part('template-parts/...')
#4 D:\php\OSPanel\domains\shopfiluk\wp-includes\template.php(723): require_once('D:\\php\\OSPanel\\...')
#5 D:\php\OSPanel\domains\shopfiluk\wp-includes\template.php(672): load_template('D:\\php\\OSPanel\\...', true)
#6 D:\php\OSPanel\domains\shopfiluk\wp-includes\general-template.php(76): locate_template(Array, true)
#7 D:\php\OSPanel\domains\shopfiluk\wp-content\themes\shopfiluk\404.php(11): get_footer()
#8 D:\php\OS in D:\php\OSPanel\domains\shopfiluk\wp-content\themes\shopfiluk\template-parts\modal_product.php on line 46

